<?xml version="1.0" encoding="UTF-8"?>
<!-- Generated by org.testng.reporters.JUnitReportReporter -->
<testsuite hostname="WKWZTFZy4amcwZs" failures="0" tests="1" name="day1.HelloWorld" time="0.005" errors="0" timestamp="2022-11-29T23:29:03 IST" skipped="0">
  <testcase classname="day1.HelloWorld" name="Test1" time="0.005"/>
  <system-out/>
</testsuite> <!-- day1.HelloWorld -->
